This file contains any messages produced by compilers while
running configure, to aid debugging if configure makes a mistake.

It was created by geneticalgorithm configure 0.1, which was
generated by GNU Autoconf 2.61.  Invocation command line was

  $ ./configure 

## --------- ##
## Platform. ##
## --------- ##

hostname = ariel
uname -m = x86_64
uname -r = 4.4.0-38-generic
uname -s = Linux
uname -v = #57-Ubuntu SMP Tue Sep 6 15:42:33 UTC 2016

/usr/bin/uname -p = unknown
/bin/uname -X     = unknown

/bin/arch              = unknown
/usr/bin/arch -k       = unknown
/usr/convex/getsysinfo = unknown
/usr/bin/hostinfo      = unknown
/bin/machine           = unknown
/usr/bin/oslevel       = unknown
/bin/universe          = unknown

PATH: /home/pdp/bin
PATH: /usr/local/sbin
PATH: /usr/local/bin
PATH: /usr/sbin
PATH: /usr/bin
PATH: /sbin
PATH: /bin
PATH: /usr/games
PATH: /usr/local/games
PATH: /home/pdp/bin
PATH: /home/pdp/local_software/bin
PATH: /home/pdp/local_software/sbpipe/scripts
PATH: /home/pdp/local_software/pycharm/bin
PATH: /home/pdp/local_software/clst/bin
PATH: /home/pdp/bin
PATH: /home/pdp/local_software/bin
PATH: /home/pdp/local_software/sbpipe/scripts
PATH: /home/pdp/local_software/pycharm/bin
PATH: /home/pdp/local_software/clst/bin


## ----------- ##
## Core tests. ##
## ----------- ##

configure:2022: checking for a BSD-compatible install
configure:2078: result: /usr/bin/install -c
configure:2089: checking whether build environment is sane
configure:2132: result: yes
configure:2197: checking for gawk
configure:2213: found /usr/bin/gawk
configure:2224: result: gawk
configure:2235: checking whether make sets $(MAKE)
configure:2256: result: yes
configure:2442: checking whether to enable maintainer-specific portions of Makefiles
configure:2451: result: no
configure:2479: checking for style of include used by make
configure:2507: result: GNU
configure:2580: checking for gcc
configure:2596: found /usr/bin/gcc
configure:2607: result: gcc
configure:2845: checking for C compiler version
configure:2852: gcc --version >&5
gcc (Ubuntu 5.4.0-6ubuntu1~16.04.4) 5.4.0 20160609
Copyright (C) 2015 Free Software Foundation, Inc.
This is free software; see the source for copying conditions.  There is NO
warranty; not even for MERCHANTABILITY or FITNESS FOR A PARTICULAR PURPOSE.

configure:2855: $? = 0
configure:2862: gcc -v >&5
Using built-in specs.
COLLECT_GCC=gcc
COLLECT_LTO_WRAPPER=/usr/lib/gcc/x86_64-linux-gnu/5/lto-wrapper
Target: x86_64-linux-gnu
Configured with: ../src/configure -v --with-pkgversion='Ubuntu 5.4.0-6ubuntu1~16.04.4' --with-bugurl=file:///usr/share/doc/gcc-5/README.Bugs --enable-languages=c,ada,c++,java,go,d,fortran,objc,obj-c++ --prefix=/usr --program-suffix=-5 --enable-shared --enable-linker-build-id --libexecdir=/usr/lib --without-included-gettext --enable-threads=posix --libdir=/usr/lib --enable-nls --with-sysroot=/ --enable-clocale=gnu --enable-libstdcxx-debug --enable-libstdcxx-time=yes --with-default-libstdcxx-abi=new --enable-gnu-unique-object --disable-vtable-verify --enable-libmpx --enable-plugin --with-system-zlib --disable-browser-plugin --enable-java-awt=gtk --enable-gtk-cairo --with-java-home=/usr/lib/jvm/java-1.5.0-gcj-5-amd64/jre --enable-java-home --with-jvm-root-dir=/usr/lib/jvm/java-1.5.0-gcj-5-amd64 --with-jvm-jar-dir=/usr/lib/jvm-exports/java-1.5.0-gcj-5-amd64 --with-arch-directory=amd64 --with-ecj-jar=/usr/share/java/eclipse-ecj.jar --enable-objc-gc --enable-multiarch --disable-werror --with-arch-32=i686 --with-abi=m64 --with-multilib-list=m32,m64,mx32 --enable-multilib --with-tune=generic --enable-checking=release --build=x86_64-linux-gnu --host=x86_64-linux-gnu --target=x86_64-linux-gnu
Thread model: posix
gcc version 5.4.0 20160609 (Ubuntu 5.4.0-6ubuntu1~16.04.4) 
configure:2865: $? = 0
configure:2872: gcc -V >&5
gcc: error: unrecognized command line option '-V'
gcc: fatal error: no input files
compilation terminated.
configure:2875: $? = 1
configure:2898: checking for C compiler default output file name
configure:2925: gcc  -I/usr/include -I/usr/local/include  -L/usr/lib -L/usr/local/lib  conftest.c  >&5
configure:2928: $? = 0
configure:2966: result: a.out
configure:2983: checking whether the C compiler works
configure:2993: ./a.out
configure:2996: $? = 0
configure:3013: result: yes
configure:3020: checking whether we are cross compiling
configure:3022: result: no
configure:3025: checking for suffix of executables
configure:3032: gcc -o conftest  -I/usr/include -I/usr/local/include  -L/usr/lib -L/usr/local/lib  conftest.c  >&5
configure:3035: $? = 0
configure:3059: result: 
configure:3065: checking for suffix of object files
configure:3091: gcc -c  -I/usr/include -I/usr/local/include  conftest.c >&5
configure:3094: $? = 0
configure:3117: result: o
configure:3121: checking whether we are using the GNU C compiler
configure:3150: gcc -c  -I/usr/include -I/usr/local/include  conftest.c >&5
configure:3156: $? = 0
configure:3173: result: yes
configure:3178: checking whether gcc accepts -g
configure:3208: gcc -c -g -I/usr/include -I/usr/local/include  conftest.c >&5
configure:3214: $? = 0
configure:3313: result: yes
configure:3330: checking for gcc option to accept ISO C89
configure:3404: gcc  -c -g -O2 -I/usr/include -I/usr/local/include  conftest.c >&5
configure:3410: $? = 0
configure:3433: result: none needed
configure:3453: checking dependency style of gcc
configure:3543: result: none
configure:3561: checking for library containing strerror
configure:3602: gcc -o conftest -g -O2 -I/usr/include -I/usr/local/include  -L/usr/lib -L/usr/local/lib  conftest.c  >&5
configure:3608: $? = 0
configure:3636: result: none required
configure:3702: checking for g++
configure:3718: found /usr/bin/g++
configure:3729: result: g++
configure:3760: checking for C++ compiler version
configure:3767: g++ --version >&5
g++ (Ubuntu 5.4.0-6ubuntu1~16.04.4) 5.4.0 20160609
Copyright (C) 2015 Free Software Foundation, Inc.
This is free software; see the source for copying conditions.  There is NO
warranty; not even for MERCHANTABILITY or FITNESS FOR A PARTICULAR PURPOSE.

configure:3770: $? = 0
configure:3777: g++ -v >&5
Using built-in specs.
COLLECT_GCC=g++
COLLECT_LTO_WRAPPER=/usr/lib/gcc/x86_64-linux-gnu/5/lto-wrapper
Target: x86_64-linux-gnu
Configured with: ../src/configure -v --with-pkgversion='Ubuntu 5.4.0-6ubuntu1~16.04.4' --with-bugurl=file:///usr/share/doc/gcc-5/README.Bugs --enable-languages=c,ada,c++,java,go,d,fortran,objc,obj-c++ --prefix=/usr --program-suffix=-5 --enable-shared --enable-linker-build-id --libexecdir=/usr/lib --without-included-gettext --enable-threads=posix --libdir=/usr/lib --enable-nls --with-sysroot=/ --enable-clocale=gnu --enable-libstdcxx-debug --enable-libstdcxx-time=yes --with-default-libstdcxx-abi=new --enable-gnu-unique-object --disable-vtable-verify --enable-libmpx --enable-plugin --with-system-zlib --disable-browser-plugin --enable-java-awt=gtk --enable-gtk-cairo --with-java-home=/usr/lib/jvm/java-1.5.0-gcj-5-amd64/jre --enable-java-home --with-jvm-root-dir=/usr/lib/jvm/java-1.5.0-gcj-5-amd64 --with-jvm-jar-dir=/usr/lib/jvm-exports/java-1.5.0-gcj-5-amd64 --with-arch-directory=amd64 --with-ecj-jar=/usr/share/java/eclipse-ecj.jar --enable-objc-gc --enable-multiarch --disable-werror --with-arch-32=i686 --with-abi=m64 --with-multilib-list=m32,m64,mx32 --enable-multilib --with-tune=generic --enable-checking=release --build=x86_64-linux-gnu --host=x86_64-linux-gnu --target=x86_64-linux-gnu
Thread model: posix
gcc version 5.4.0 20160609 (Ubuntu 5.4.0-6ubuntu1~16.04.4) 
configure:3780: $? = 0
configure:3787: g++ -V >&5
g++: error: unrecognized command line option '-V'
g++: fatal error: no input files
compilation terminated.
configure:3790: $? = 1
configure:3793: checking whether we are using the GNU C++ compiler
configure:3822: g++ -c -I/usr/include -I/usr/local/include  -I/usr/include -I/usr/local/include  conftest.cpp >&5
configure:3828: $? = 0
configure:3845: result: yes
configure:3850: checking whether g++ accepts -g
configure:3880: g++ -c -g -I/usr/include -I/usr/local/include  conftest.cpp >&5
configure:3886: $? = 0
configure:3985: result: yes
configure:4010: checking dependency style of g++
configure:4100: result: none
configure:4165: checking for gcc
configure:4192: result: gcc
configure:4430: checking for C compiler version
configure:4437: gcc --version >&5
gcc (Ubuntu 5.4.0-6ubuntu1~16.04.4) 5.4.0 20160609
Copyright (C) 2015 Free Software Foundation, Inc.
This is free software; see the source for copying conditions.  There is NO
warranty; not even for MERCHANTABILITY or FITNESS FOR A PARTICULAR PURPOSE.

configure:4440: $? = 0
configure:4447: gcc -v >&5
Using built-in specs.
COLLECT_GCC=gcc
COLLECT_LTO_WRAPPER=/usr/lib/gcc/x86_64-linux-gnu/5/lto-wrapper
Target: x86_64-linux-gnu
Configured with: ../src/configure -v --with-pkgversion='Ubuntu 5.4.0-6ubuntu1~16.04.4' --with-bugurl=file:///usr/share/doc/gcc-5/README.Bugs --enable-languages=c,ada,c++,java,go,d,fortran,objc,obj-c++ --prefix=/usr --program-suffix=-5 --enable-shared --enable-linker-build-id --libexecdir=/usr/lib --without-included-gettext --enable-threads=posix --libdir=/usr/lib --enable-nls --with-sysroot=/ --enable-clocale=gnu --enable-libstdcxx-debug --enable-libstdcxx-time=yes --with-default-libstdcxx-abi=new --enable-gnu-unique-object --disable-vtable-verify --enable-libmpx --enable-plugin --with-system-zlib --disable-browser-plugin --enable-java-awt=gtk --enable-gtk-cairo --with-java-home=/usr/lib/jvm/java-1.5.0-gcj-5-amd64/jre --enable-java-home --with-jvm-root-dir=/usr/lib/jvm/java-1.5.0-gcj-5-amd64 --with-jvm-jar-dir=/usr/lib/jvm-exports/java-1.5.0-gcj-5-amd64 --with-arch-directory=amd64 --with-ecj-jar=/usr/share/java/eclipse-ecj.jar --enable-objc-gc --enable-multiarch --disable-werror --with-arch-32=i686 --with-abi=m64 --with-multilib-list=m32,m64,mx32 --enable-multilib --with-tune=generic --enable-checking=release --build=x86_64-linux-gnu --host=x86_64-linux-gnu --target=x86_64-linux-gnu
Thread model: posix
gcc version 5.4.0 20160609 (Ubuntu 5.4.0-6ubuntu1~16.04.4) 
configure:4450: $? = 0
configure:4457: gcc -V >&5
gcc: error: unrecognized command line option '-V'
gcc: fatal error: no input files
compilation terminated.
configure:4460: $? = 1
configure:4463: checking whether we are using the GNU C compiler
configure:4515: result: yes
configure:4520: checking whether gcc accepts -g
configure:4655: result: yes
configure:4672: checking for gcc option to accept ISO C89
configure:4775: result: none needed
configure:4795: checking dependency style of gcc
configure:4885: result: none
configure:4910: checking how to run the C preprocessor
configure:4950: gcc -E -I/usr/include -I/usr/local/include  conftest.c
configure:4956: $? = 0
configure:4987: gcc -E -I/usr/include -I/usr/local/include  conftest.c
conftest.c:10:28: fatal error: ac_nonexistent.h: No such file or directory
compilation terminated.
configure:4993: $? = 1
configure: failed program was:
| /* confdefs.h.  */
| #define PACKAGE_NAME "geneticalgorithm"
| #define PACKAGE_TARNAME "geneticalgorithm"
| #define PACKAGE_VERSION "0.1"
| #define PACKAGE_STRING "geneticalgorithm 0.1"
| #define PACKAGE_BUGREPORT ""
| #define PACKAGE "geneticalgorithm"
| #define VERSION "0.1"
| /* end confdefs.h.  */
| #include <ac_nonexistent.h>
configure:5026: result: gcc -E
configure:5055: gcc -E -I/usr/include -I/usr/local/include  conftest.c
configure:5061: $? = 0
configure:5092: gcc -E -I/usr/include -I/usr/local/include  conftest.c
conftest.c:10:28: fatal error: ac_nonexistent.h: No such file or directory
compilation terminated.
configure:5098: $? = 1
configure: failed program was:
| /* confdefs.h.  */
| #define PACKAGE_NAME "geneticalgorithm"
| #define PACKAGE_TARNAME "geneticalgorithm"
| #define PACKAGE_VERSION "0.1"
| #define PACKAGE_STRING "geneticalgorithm 0.1"
| #define PACKAGE_BUGREPORT ""
| #define PACKAGE "geneticalgorithm"
| #define VERSION "0.1"
| /* end confdefs.h.  */
| #include <ac_nonexistent.h>
configure:5136: checking for grep that handles long lines and -e
configure:5210: result: /bin/grep
configure:5215: checking for egrep
configure:5293: result: /bin/grep -E
configure:5298: checking for ANSI C header files
configure:5328: gcc -c -g -O2 -I/usr/include -I/usr/local/include  conftest.c >&5
configure:5334: $? = 0
configure:5433: gcc -o conftest -g -O2 -I/usr/include -I/usr/local/include  -L/usr/lib -L/usr/local/lib  conftest.c  >&5
configure:5436: $? = 0
configure:5442: ./conftest
configure:5445: $? = 0
configure:5462: result: yes
configure:5497: checking for sys/types.h
configure:5518: gcc -c -g -O2 -I/usr/include -I/usr/local/include  conftest.c >&5
configure:5524: $? = 0
configure:5540: result: yes
configure:5497: checking for sys/stat.h
configure:5518: gcc -c -g -O2 -I/usr/include -I/usr/local/include  conftest.c >&5
configure:5524: $? = 0
configure:5540: result: yes
configure:5497: checking for stdlib.h
configure:5518: gcc -c -g -O2 -I/usr/include -I/usr/local/include  conftest.c >&5
configure:5524: $? = 0
configure:5540: result: yes
configure:5497: checking for string.h
configure:5518: gcc -c -g -O2 -I/usr/include -I/usr/local/include  conftest.c >&5
configure:5524: $? = 0
configure:5540: result: yes
configure:5497: checking for memory.h
configure:5518: gcc -c -g -O2 -I/usr/include -I/usr/local/include  conftest.c >&5
configure:5524: $? = 0
configure:5540: result: yes
configure:5497: checking for strings.h
configure:5518: gcc -c -g -O2 -I/usr/include -I/usr/local/include  conftest.c >&5
configure:5524: $? = 0
configure:5540: result: yes
configure:5497: checking for inttypes.h
configure:5518: gcc -c -g -O2 -I/usr/include -I/usr/local/include  conftest.c >&5
configure:5524: $? = 0
configure:5540: result: yes
configure:5497: checking for stdint.h
configure:5518: gcc -c -g -O2 -I/usr/include -I/usr/local/include  conftest.c >&5
configure:5524: $? = 0
configure:5540: result: yes
configure:5497: checking for unistd.h
configure:5518: gcc -c -g -O2 -I/usr/include -I/usr/local/include  conftest.c >&5
configure:5524: $? = 0
configure:5540: result: yes
configure:5558: checking build system type
configure:5576: result: x86_64-unknown-linux-gnu
configure:5598: checking host system type
configure:5613: result: x86_64-unknown-linux-gnu
configure:5651: checking locale.h usability
configure:5668: gcc -c -g -O2 -I/usr/include -I/usr/local/include  conftest.c >&5
configure:5674: $? = 0
configure:5688: result: yes
configure:5692: checking locale.h presence
configure:5707: gcc -E -I/usr/include -I/usr/local/include  conftest.c
configure:5713: $? = 0
configure:5727: result: yes
configure:5755: checking for locale.h
configure:5763: result: yes
configure:5777: checking for LC_MESSAGES
configure:5803: gcc -o conftest -g -O2 -I/usr/include -I/usr/local/include  -L/usr/lib -L/usr/local/lib  conftest.c  >&5
configure:5809: $? = 0
configure:5826: result: yes
configure:5855: checking libintl.h usability
configure:5872: gcc -c -g -O2 -I/usr/include -I/usr/local/include  conftest.c >&5
configure:5878: $? = 0
configure:5892: result: yes
configure:5896: checking libintl.h presence
configure:5911: gcc -E -I/usr/include -I/usr/local/include  conftest.c
configure:5917: $? = 0
configure:5931: result: yes
configure:5959: checking for libintl.h
configure:5966: result: yes
configure:5977: checking for ngettext in libc
configure:6005: gcc -o conftest -g -O2 -I/usr/include -I/usr/local/include  -L/usr/lib -L/usr/local/lib  conftest.c  >&5
configure:6011: $? = 0
configure:6029: result: yes
configure:6033: checking for dgettext in libc
configure:6061: gcc -o conftest -g -O2 -I/usr/include -I/usr/local/include  -L/usr/lib -L/usr/local/lib  conftest.c  >&5
configure:6067: $? = 0
configure:6085: result: yes
configure:6094: checking for bind_textdomain_codeset
configure:6150: gcc -o conftest -g -O2 -I/usr/include -I/usr/local/include  -L/usr/lib -L/usr/local/lib  conftest.c  >&5
configure:6156: $? = 0
configure:6174: result: yes
configure:6661: checking for msgfmt
configure:6688: result: /usr/bin/msgfmt
configure:6701: checking for dcgettext
configure:6757: gcc -o conftest -g -O2 -I/usr/include -I/usr/local/include  -L/usr/lib -L/usr/local/lib  conftest.c   >&5
conftest.c:48:6: warning: conflicting types for built-in function 'dcgettext'
 char dcgettext ();
      ^
configure:6763: $? = 0
configure:6781: result: yes
configure:6792: checking if msgfmt accepts -c
configure:6807: msgfmt -c -o /dev/null conftest.foo
conftest.foo:3: warning: header field 'Language' missing in header
configure:6810: $? = 0
configure:6812: result: yes
configure:6822: checking for gmsgfmt
configure:6853: result: /usr/bin/msgfmt
configure:6863: checking for xgettext
configure:6890: result: /usr/bin/xgettext
configure:6919: gcc -o conftest -g -O2 -I/usr/include -I/usr/local/include  -L/usr/lib -L/usr/local/lib  conftest.c   >&5
configure:6925: $? = 0
configure:7163: checking for intltool >= 0.35.0
configure:7170: result: 0.35.5 found
configure:7226: checking for perl
configure:7244: found /usr/bin/perl
configure:7256: result: /usr/bin/perl
configure:7275: checking for XML::Parser
configure:7278: result: ok
configure:7289: checking for iconv
configure:7307: found /usr/bin/iconv
configure:7320: result: /usr/bin/iconv
configure:7330: checking for msgfmt
configure:7348: found /usr/bin/msgfmt
configure:7361: result: /usr/bin/msgfmt
configure:7371: checking for msgmerge
configure:7389: found /usr/bin/msgmerge
configure:7402: result: /usr/bin/msgmerge
configure:7412: checking for xgettext
configure:7430: found /usr/bin/xgettext
configure:7443: result: /usr/bin/xgettext
configure:7680: checking for a sed that does not truncate output
configure:7734: result: /bin/sed
configure:7748: checking for ld used by gcc
configure:7815: result: /usr/bin/ld
configure:7824: checking if the linker (/usr/bin/ld) is GNU ld
configure:7839: result: yes
configure:7844: checking for /usr/bin/ld option to reload object files
configure:7851: result: -r
configure:7869: checking for BSD-compatible nm
configure:7918: result: /usr/bin/nm -B
configure:7922: checking whether ln -s works
configure:7926: result: yes
configure:7933: checking how to recognise dependent libraries
configure:8109: result: pass_all
configure:8196: gcc -c -g -O2 -I/usr/include -I/usr/local/include  conftest.c >&5
configure:8199: $? = 0
configure:8352: checking dlfcn.h usability
configure:8369: gcc -c -g -O2 -I/usr/include -I/usr/local/include  conftest.c >&5
configure:8375: $? = 0
configure:8389: result: yes
configure:8393: checking dlfcn.h presence
configure:8408: gcc -E -I/usr/include -I/usr/local/include  conftest.c
configure:8414: $? = 0
configure:8428: result: yes
configure:8456: checking for dlfcn.h
configure:8464: result: yes
configure:8487: checking how to run the C++ preprocessor
configure:8523: g++ -E -I/usr/include -I/usr/local/include  conftest.cpp
configure:8529: $? = 0
configure:8560: g++ -E -I/usr/include -I/usr/local/include  conftest.cpp
conftest.cpp:28:28: fatal error: ac_nonexistent.h: No such file or directory
compilation terminated.
configure:8566: $? = 1
configure: failed program was:
| /* confdefs.h.  */
| #define PACKAGE_NAME "geneticalgorithm"
| #define PACKAGE_TARNAME "geneticalgorithm"
| #define PACKAGE_VERSION "0.1"
| #define PACKAGE_STRING "geneticalgorithm 0.1"
| #define PACKAGE_BUGREPORT ""
| #define PACKAGE "geneticalgorithm"
| #define VERSION "0.1"
| #define STDC_HEADERS 1
| #define GETTEXT_PACKAGE "geneticalgorithm"
| #define HAVE_SYS_TYPES_H 1
| #define HAVE_SYS_STAT_H 1
| #define HAVE_STDLIB_H 1
| #define HAVE_STRING_H 1
| #define HAVE_MEMORY_H 1
| #define HAVE_STRINGS_H 1
| #define HAVE_INTTYPES_H 1
| #define HAVE_STDINT_H 1
| #define HAVE_UNISTD_H 1
| #define HAVE_LOCALE_H 1
| #define HAVE_LC_MESSAGES 1
| #define HAVE_BIND_TEXTDOMAIN_CODESET 1
| #define HAVE_GETTEXT 1
| #define HAVE_DCGETTEXT 1
| #define ENABLE_NLS 1
| #define HAVE_DLFCN_H 1
| /* end confdefs.h.  */
| #include <ac_nonexistent.h>
configure:8599: result: g++ -E
configure:8628: g++ -E -I/usr/include -I/usr/local/include  conftest.cpp
configure:8634: $? = 0
configure:8665: g++ -E -I/usr/include -I/usr/local/include  conftest.cpp
conftest.cpp:28:28: fatal error: ac_nonexistent.h: No such file or directory
compilation terminated.
configure:8671: $? = 1
configure: failed program was:
| /* confdefs.h.  */
| #define PACKAGE_NAME "geneticalgorithm"
| #define PACKAGE_TARNAME "geneticalgorithm"
| #define PACKAGE_VERSION "0.1"
| #define PACKAGE_STRING "geneticalgorithm 0.1"
| #define PACKAGE_BUGREPORT ""
| #define PACKAGE "geneticalgorithm"
| #define VERSION "0.1"
| #define STDC_HEADERS 1
| #define GETTEXT_PACKAGE "geneticalgorithm"
| #define HAVE_SYS_TYPES_H 1
| #define HAVE_SYS_STAT_H 1
| #define HAVE_STDLIB_H 1
| #define HAVE_STRING_H 1
| #define HAVE_MEMORY_H 1
| #define HAVE_STRINGS_H 1
| #define HAVE_INTTYPES_H 1
| #define HAVE_STDINT_H 1
| #define HAVE_UNISTD_H 1
| #define HAVE_LOCALE_H 1
| #define HAVE_LC_MESSAGES 1
| #define HAVE_BIND_TEXTDOMAIN_CODESET 1
| #define HAVE_GETTEXT 1
| #define HAVE_DCGETTEXT 1
| #define ENABLE_NLS 1
| #define HAVE_DLFCN_H 1
| /* end confdefs.h.  */
| #include <ac_nonexistent.h>
configure:8764: checking for g77
configure:8794: result: no
configure:8764: checking for xlf
configure:8794: result: no
configure:8764: checking for f77
configure:8794: result: no
configure:8764: checking for frt
configure:8794: result: no
configure:8764: checking for pgf77
configure:8794: result: no
configure:8764: checking for cf77
configure:8794: result: no
configure:8764: checking for fort77
configure:8794: result: no
configure:8764: checking for fl32
configure:8794: result: no
configure:8764: checking for af77
configure:8794: result: no
configure:8764: checking for xlf90
configure:8794: result: no
configure:8764: checking for f90
configure:8794: result: no
configure:8764: checking for pgf90
configure:8794: result: no
configure:8764: checking for pghpf
configure:8794: result: no
configure:8764: checking for epcf90
configure:8794: result: no
configure:8764: checking for gfortran
configure:8794: result: no
configure:8764: checking for g95
configure:8794: result: no
configure:8764: checking for xlf95
configure:8794: result: no
configure:8764: checking for f95
configure:8794: result: no
configure:8764: checking for fort
configure:8794: result: no
configure:8764: checking for ifort
configure:8794: result: no
configure:8764: checking for ifc
configure:8794: result: no
configure:8764: checking for efc
configure:8794: result: no
configure:8764: checking for pgf95
configure:8794: result: no
configure:8764: checking for lf95
configure:8794: result: no
configure:8764: checking for ftn
configure:8794: result: no
configure:8821: checking for Fortran 77 compiler version
configure:8828:  --version >&5
./configure: line 8829: --version: command not found
configure:8831: $? = 127
configure:8838:  -v >&5
./configure: line 8839: -v: command not found
configure:8841: $? = 127
configure:8848:  -V >&5
./configure: line 8849: -V: command not found
configure:8851: $? = 127
configure:8859: checking whether we are using the GNU Fortran 77 compiler
configure:8878:  -c  conftest.F >&5
./configure: line 8879: -c: command not found
configure:8884: $? = 127
configure: failed program was:
|       program main
| #ifndef __GNUC__
|        choke me
| #endif
| 
|       end
configure:8901: result: no
configure:8907: checking whether  accepts -g
configure:8924:  -c -g conftest.f >&5
./configure: line 8925: -c: command not found
configure:8930: $? = 127
configure: failed program was:
|       program main
| 
|       end
configure:8946: result: no
configure:8976: checking the maximum length of command line arguments
configure:9085: result: 32768
configure:9096: checking command to parse /usr/bin/nm -B output from gcc object
configure:9201: gcc -c -g -O2 -I/usr/include -I/usr/local/include  conftest.c >&5
configure:9204: $? = 0
configure:9208: /usr/bin/nm -B conftest.o \| sed -n -e 's/^.*[ 	]\([ABCDGIRSTW][ABCDGIRSTW]*\)[ 	][ 	]*\([_A-Za-z][_A-Za-z0-9]*\)$/\1 \2 \2/p' \> conftest.nm
configure:9211: $? = 0
configure:9263: gcc -o conftest -g -O2 -I/usr/include -I/usr/local/include  -L/usr/lib -L/usr/local/lib  conftest.c conftstm.o >&5
configure:9266: $? = 0
configure:9304: result: ok
configure:9308: checking for objdir
configure:9323: result: .libs
configure:9415: checking for ar
configure:9431: found /usr/bin/ar
configure:9442: result: ar
configure:9511: checking for ranlib
configure:9527: found /usr/bin/ranlib
configure:9538: result: ranlib
configure:9607: checking for strip
configure:9623: found /usr/bin/strip
configure:9634: result: strip
configure:9920: checking if gcc supports -fno-rtti -fno-exceptions
configure:9938: gcc -c -g -O2 -I/usr/include -I/usr/local/include  -fno-rtti -fno-exceptions conftest.c >&5
cc1: warning: command line option '-fno-rtti' is valid for C++/ObjC++ but not for C
configure:9942: $? = 0
configure:9955: result: no
configure:9970: checking for gcc option to produce PIC
configure:10180: result: -fPIC
configure:10188: checking if gcc PIC flag -fPIC works
configure:10206: gcc -c -g -O2 -I/usr/include -I/usr/local/include  -fPIC -DPIC conftest.c >&5
configure:10210: $? = 0
configure:10223: result: yes
configure:10251: checking if gcc static flag -static works
configure:10279: result: yes
configure:10289: checking if gcc supports -c -o file.o
configure:10310: gcc -c -g -O2 -I/usr/include -I/usr/local/include  -o out/conftest2.o conftest.c >&5
configure:10314: $? = 0
configure:10336: result: yes
configure:10362: checking whether the gcc linker (/usr/bin/ld -m elf_x86_64) supports shared libraries
configure:11317: result: yes
configure:11338: checking whether -lc should be explicitly linked in
configure:11343: gcc -c -g -O2 -I/usr/include -I/usr/local/include  conftest.c >&5
configure:11346: $? = 0
configure:11361: gcc -shared conftest.o  -v -Wl,-soname -Wl,conftest -o conftest 2\>\&1 \| grep  -lc  \>/dev/null 2\>\&1
configure:11364: $? = 0
configure:11376: result: no
configure:11384: checking dynamic linker characteristics
configure:11960: result: GNU/Linux ld.so
configure:11969: checking how to hardcode library paths into programs
configure:11994: result: immediate
configure:12008: checking whether stripping libraries is possible
configure:12013: result: yes
configure:12814: checking if libtool supports shared libraries
configure:12816: result: yes
configure:12819: checking whether to build shared libraries
configure:12840: result: yes
configure:12843: checking whether to build static libraries
configure:12847: result: yes
configure:12939: creating libtool
configure:13527: checking for ld used by g++
configure:13594: result: /usr/bin/ld -m elf_x86_64
configure:13603: checking if the linker (/usr/bin/ld -m elf_x86_64) is GNU ld
configure:13618: result: yes
configure:13669: checking whether the g++ linker (/usr/bin/ld -m elf_x86_64) supports shared libraries
configure:14603: result: yes
configure:14621: g++ -c -I/usr/include -I/usr/local/include  -I/usr/include -I/usr/local/include  conftest.cpp >&5
configure:14624: $? = 0
configure:14743: checking for g++ option to produce PIC
configure:15017: result: -fPIC
configure:15025: checking if g++ PIC flag -fPIC works
configure:15043: g++ -c -I/usr/include -I/usr/local/include  -I/usr/include -I/usr/local/include  -fPIC -DPIC conftest.cpp >&5
configure:15047: $? = 0
configure:15060: result: yes
configure:15088: checking if g++ static flag -static works
configure:15116: result: yes
configure:15126: checking if g++ supports -c -o file.o
configure:15147: g++ -c -I/usr/include -I/usr/local/include  -I/usr/include -I/usr/local/include  -o out/conftest2.o conftest.cpp >&5
configure:15151: $? = 0
configure:15173: result: yes
configure:15199: checking whether the g++ linker (/usr/bin/ld -m elf_x86_64) supports shared libraries
configure:15227: result: yes
configure:15294: checking dynamic linker characteristics
configure:15870: result: GNU/Linux ld.so
configure:15879: checking how to hardcode library paths into programs
configure:15904: result: immediate
configure:22169: creating ./config.status

## ---------------------- ##
## Running config.status. ##
## ---------------------- ##

This file was extended by geneticalgorithm config.status 0.1, which was
generated by GNU Autoconf 2.61.  Invocation command line was

  CONFIG_FILES    = 
  CONFIG_HEADERS  = 
  CONFIG_LINKS    = 
  CONFIG_COMMANDS = 
  $ ./config.status 

on ariel

config.status:717: creating Makefile
config.status:717: creating src/Makefile
config.status:717: creating po/Makefile.in
config.status:717: creating config.h
config.status:945: config.h is unchanged
config.status:991: executing depfiles commands
config.status:991: executing default-1 commands
config.status:991: executing intltool commands
config.status:991: executing po/stamp-it commands

## ---------------- ##
## Cache variables. ##
## ---------------- ##

ac_cv_build=x86_64-unknown-linux-gnu
ac_cv_c_compiler_gnu=yes
ac_cv_cxx_compiler_gnu=yes
ac_cv_env_CCC_set=
ac_cv_env_CCC_value=
ac_cv_env_CC_set=
ac_cv_env_CC_value=
ac_cv_env_CFLAGS_set=
ac_cv_env_CFLAGS_value=
ac_cv_env_CPPFLAGS_set=set
ac_cv_env_CPPFLAGS_value='-I/usr/include -I/usr/local/include '
ac_cv_env_CPP_set=
ac_cv_env_CPP_value=
ac_cv_env_CXXCPP_set=
ac_cv_env_CXXCPP_value=
ac_cv_env_CXXFLAGS_set=set
ac_cv_env_CXXFLAGS_value='-I/usr/include -I/usr/local/include '
ac_cv_env_CXX_set=
ac_cv_env_CXX_value=
ac_cv_env_F77_set=
ac_cv_env_F77_value=
ac_cv_env_FFLAGS_set=
ac_cv_env_FFLAGS_value=
ac_cv_env_LDFLAGS_set=set
ac_cv_env_LDFLAGS_value='-L/usr/lib -L/usr/local/lib '
ac_cv_env_LIBS_set=
ac_cv_env_LIBS_value=
ac_cv_env_build_alias_set=
ac_cv_env_build_alias_value=
ac_cv_env_host_alias_set=
ac_cv_env_host_alias_value=
ac_cv_env_target_alias_set=
ac_cv_env_target_alias_value=
ac_cv_f77_compiler_gnu=no
ac_cv_func_bind_textdomain_codeset=yes
ac_cv_func_dcgettext=yes
ac_cv_header_dlfcn_h=yes
ac_cv_header_inttypes_h=yes
ac_cv_header_libintl_h=yes
ac_cv_header_locale_h=yes
ac_cv_header_memory_h=yes
ac_cv_header_stdc=yes
ac_cv_header_stdint_h=yes
ac_cv_header_stdlib_h=yes
ac_cv_header_string_h=yes
ac_cv_header_strings_h=yes
ac_cv_header_sys_stat_h=yes
ac_cv_header_sys_types_h=yes
ac_cv_header_unistd_h=yes
ac_cv_host=x86_64-unknown-linux-gnu
ac_cv_objext=o
ac_cv_path_EGREP='/bin/grep -E'
ac_cv_path_GMSGFMT=/usr/bin/msgfmt
ac_cv_path_GREP=/bin/grep
ac_cv_path_INTLTOOL_ICONV=/usr/bin/iconv
ac_cv_path_INTLTOOL_MSGFMT=/usr/bin/msgfmt
ac_cv_path_INTLTOOL_MSGMERGE=/usr/bin/msgmerge
ac_cv_path_INTLTOOL_PERL=/usr/bin/perl
ac_cv_path_INTLTOOL_XGETTEXT=/usr/bin/xgettext
ac_cv_path_MSGFMT=/usr/bin/msgfmt
ac_cv_path_XGETTEXT=/usr/bin/xgettext
ac_cv_path_install='/usr/bin/install -c'
ac_cv_prog_AWK=gawk
ac_cv_prog_CPP='gcc -E'
ac_cv_prog_CXXCPP='g++ -E'
ac_cv_prog_ac_ct_AR=ar
ac_cv_prog_ac_ct_CC=gcc
ac_cv_prog_ac_ct_CXX=g++
ac_cv_prog_ac_ct_RANLIB=ranlib
ac_cv_prog_ac_ct_STRIP=strip
ac_cv_prog_cc_c89=
ac_cv_prog_cc_g=yes
ac_cv_prog_cxx_g=yes
ac_cv_prog_f77_g=no
ac_cv_prog_make_make_set=yes
ac_cv_search_strerror='none required'
am_cv_CC_dependencies_compiler_type=none
am_cv_CXX_dependencies_compiler_type=none
am_cv_prog_cc_stdc=
am_cv_val_LC_MESSAGES=yes
gt_cv_func_dgettext_libc=yes
gt_cv_func_dgettext_libintl=no
gt_cv_func_ngettext_libc=yes
gt_cv_have_gettext=yes
lt_cv_deplibs_check_method=pass_all
lt_cv_file_magic_cmd='$MAGIC_CMD'
lt_cv_file_magic_test_file=
lt_cv_ld_reload_flag=-r
lt_cv_objdir=.libs
lt_cv_path_LD=/usr/bin/ld
lt_cv_path_LDCXX='/usr/bin/ld -m elf_x86_64'
lt_cv_path_NM='/usr/bin/nm -B'
lt_cv_path_SED=/bin/sed
lt_cv_prog_compiler_c_o=yes
lt_cv_prog_compiler_c_o_CXX=yes
lt_cv_prog_compiler_rtti_exceptions=no
lt_cv_prog_gnu_ld=yes
lt_cv_prog_gnu_ldcxx=yes
lt_cv_sys_global_symbol_pipe='sed -n -e '\''s/^.*[ 	]\([ABCDGIRSTW][ABCDGIRSTW]*\)[ 	][ 	]*\([_A-Za-z][_A-Za-z0-9]*\)$/\1 \2 \2/p'\'''
lt_cv_sys_global_symbol_to_c_name_address='sed -n -e '\''s/^: \([^ ]*\) $/  {\"\1\", (lt_ptr) 0},/p'\'' -e '\''s/^[BCDEGRST] \([^ ]*\) \([^ ]*\)$/  {"\2", (lt_ptr) \&\2},/p'\'''
lt_cv_sys_global_symbol_to_cdecl='sed -n -e '\''s/^. .* \(.*\)$/extern int \1;/p'\'''
lt_cv_sys_max_cmd_len=32768
lt_lt_cv_prog_compiler_c_o='"yes"'
lt_lt_cv_prog_compiler_c_o_CXX='"yes"'
lt_lt_cv_sys_global_symbol_pipe='"sed -n -e '\''s/^.*[ 	]\\([ABCDGIRSTW][ABCDGIRSTW]*\\)[ 	][ 	]*\\([_A-Za-z][_A-Za-z0-9]*\\)\$/\\1 \\2 \\2/p'\''"'
lt_lt_cv_sys_global_symbol_to_c_name_address='"sed -n -e '\''s/^: \\([^ ]*\\) \$/  {\\\"\\1\\\", (lt_ptr) 0},/p'\'' -e '\''s/^[BCDEGRST] \\([^ ]*\\) \\([^ ]*\\)\$/  {\"\\2\", (lt_ptr) \\&\\2},/p'\''"'
lt_lt_cv_sys_global_symbol_to_cdecl='"sed -n -e '\''s/^. .* \\(.*\\)\$/extern int \\1;/p'\''"'

## ----------------- ##
## Output variables. ##
## ----------------- ##

ACLOCAL='${SHELL} /home/pdp/Documents/personal_software/progetto-intelligenza/geneticalgorithm/missing --run aclocal-1.9'
ALL_LINGUAS=''
AMDEPBACKSLASH='\'
AMDEP_FALSE='#'
AMDEP_TRUE=''
AMTAR='${SHELL} /home/pdp/Documents/personal_software/progetto-intelligenza/geneticalgorithm/missing --run tar'
AR='ar'
AUTOCONF='${SHELL} /home/pdp/Documents/personal_software/progetto-intelligenza/geneticalgorithm/missing --run autoconf'
AUTOHEADER='${SHELL} /home/pdp/Documents/personal_software/progetto-intelligenza/geneticalgorithm/missing --run autoheader'
AUTOMAKE='${SHELL} /home/pdp/Documents/personal_software/progetto-intelligenza/geneticalgorithm/missing --run automake-1.9'
AWK='gawk'
CATALOGS=''
CATOBJEXT='.gmo'
CC='gcc'
CCDEPMODE='depmode=none'
CFLAGS='-g -O2'
CPP='gcc -E'
CPPFLAGS='-I/usr/include -I/usr/local/include '
CXX='g++'
CXXCPP='g++ -E'
CXXDEPMODE='depmode=none'
CXXFLAGS='-I/usr/include -I/usr/local/include '
CYGPATH_W='echo'
DATADIRNAME='share'
DEFS='-DHAVE_CONFIG_H'
DEPDIR='.deps'
ECHO='echo'
ECHO_C=''
ECHO_N='-n'
ECHO_T=''
EGREP='/bin/grep -E'
EXEEXT=''
F77=''
FFLAGS=''
GETTEXT_PACKAGE='geneticalgorithm'
GMOFILES=''
GMSGFMT='/usr/bin/msgfmt'
GREP='/bin/grep'
INSTALL_DATA='${INSTALL} -m 644'
INSTALL_PROGRAM='${INSTALL}'
INSTALL_SCRIPT='${INSTALL}'
INSTALL_STRIP_PROGRAM='${SHELL} $(install_sh) -c -s'
INSTOBJEXT='.mo'
INTLLIBS=''
INTLTOOL_CAVES_RULE='%.caves:     %.caves.in     $(INTLTOOL_MERGE) $(wildcard $(top_srcdir)/po/*.po) ; LC_ALL=C $(INTLTOOL_MERGE) -d -u -c $(top_builddir)/po/.intltool-merge-cache $(top_srcdir)/po $< $@'
INTLTOOL_DESKTOP_RULE='%.desktop:   %.desktop.in   $(INTLTOOL_MERGE) $(wildcard $(top_srcdir)/po/*.po) ; LC_ALL=C $(INTLTOOL_MERGE) -d -u -c $(top_builddir)/po/.intltool-merge-cache $(top_srcdir)/po $< $@'
INTLTOOL_DIRECTORY_RULE='%.directory: %.directory.in $(INTLTOOL_MERGE) $(wildcard $(top_srcdir)/po/*.po) ; LC_ALL=C $(INTLTOOL_MERGE) -d -u -c $(top_builddir)/po/.intltool-merge-cache $(top_srcdir)/po $< $@'
INTLTOOL_EXTRACT='$(top_builddir)/intltool-extract'
INTLTOOL_ICONV='/usr/bin/iconv'
INTLTOOL_KBD_RULE='%.kbd:       %.kbd.in       $(INTLTOOL_MERGE) $(wildcard $(top_srcdir)/po/*.po) ; LC_ALL=C $(INTLTOOL_MERGE) -x -u -m -c $(top_builddir)/po/.intltool-merge-cache $(top_srcdir)/po $< $@'
INTLTOOL_KEYS_RULE='%.keys:      %.keys.in      $(INTLTOOL_MERGE) $(wildcard $(top_srcdir)/po/*.po) ; LC_ALL=C $(INTLTOOL_MERGE) -k -u -c $(top_builddir)/po/.intltool-merge-cache $(top_srcdir)/po $< $@'
INTLTOOL_MERGE='$(top_builddir)/intltool-merge'
INTLTOOL_MSGFMT='/usr/bin/msgfmt'
INTLTOOL_MSGMERGE='/usr/bin/msgmerge'
INTLTOOL_OAF_RULE='%.oaf:       %.oaf.in       $(INTLTOOL_MERGE) $(wildcard $(top_srcdir)/po/*.po) ; LC_ALL=C $(INTLTOOL_MERGE) -o -p $(top_srcdir)/po $< $@'
INTLTOOL_PERL='/usr/bin/perl'
INTLTOOL_PONG_RULE='%.pong:      %.pong.in      $(INTLTOOL_MERGE) $(wildcard $(top_srcdir)/po/*.po) ; LC_ALL=C $(INTLTOOL_MERGE) -x -u -c $(top_builddir)/po/.intltool-merge-cache $(top_srcdir)/po $< $@'
INTLTOOL_PROP_RULE='%.prop:      %.prop.in      $(INTLTOOL_MERGE) $(wildcard $(top_srcdir)/po/*.po) ; LC_ALL=C $(INTLTOOL_MERGE) -d -u -c $(top_builddir)/po/.intltool-merge-cache $(top_srcdir)/po $< $@'
INTLTOOL_SCHEMAS_RULE='%.schemas:   %.schemas.in   $(INTLTOOL_MERGE) $(wildcard $(top_srcdir)/po/*.po) ; LC_ALL=C $(INTLTOOL_MERGE) -s -u -c $(top_builddir)/po/.intltool-merge-cache $(top_srcdir)/po $< $@'
INTLTOOL_SERVER_RULE='%.server:    %.server.in    $(INTLTOOL_MERGE) $(wildcard $(top_srcdir)/po/*.po) ; LC_ALL=C $(INTLTOOL_MERGE) -o -u -c $(top_builddir)/po/.intltool-merge-cache $(top_srcdir)/po $< $@'
INTLTOOL_SERVICE_RULE='%.service: %.service.in   $(INTLTOOL_MERGE) $(wildcard $(top_srcdir)/po/*.po) ; LC_ALL=C $(INTLTOOL_MERGE) -d -u -c $(top_builddir)/po/.intltool-merge-cache $(top_srcdir)/po $< $@'
INTLTOOL_SHEET_RULE='%.sheet:     %.sheet.in     $(INTLTOOL_MERGE) $(wildcard $(top_srcdir)/po/*.po) ; LC_ALL=C $(INTLTOOL_MERGE) -x -u -c $(top_builddir)/po/.intltool-merge-cache $(top_srcdir)/po $< $@'
INTLTOOL_SOUNDLIST_RULE='%.soundlist: %.soundlist.in $(INTLTOOL_MERGE) $(wildcard $(top_srcdir)/po/*.po) ; LC_ALL=C $(INTLTOOL_MERGE) -d -u -c $(top_builddir)/po/.intltool-merge-cache $(top_srcdir)/po $< $@'
INTLTOOL_THEME_RULE='%.theme:     %.theme.in     $(INTLTOOL_MERGE) $(wildcard $(top_srcdir)/po/*.po) ; LC_ALL=C $(INTLTOOL_MERGE) -d -u -c $(top_builddir)/po/.intltool-merge-cache $(top_srcdir)/po $< $@'
INTLTOOL_UI_RULE='%.ui:        %.ui.in        $(INTLTOOL_MERGE) $(wildcard $(top_srcdir)/po/*.po) ; LC_ALL=C $(INTLTOOL_MERGE) -x -u -c $(top_builddir)/po/.intltool-merge-cache $(top_srcdir)/po $< $@'
INTLTOOL_UPDATE='$(top_builddir)/intltool-update'
INTLTOOL_XAM_RULE='%.xam:       %.xml.in       $(INTLTOOL_MERGE) $(wildcard $(top_srcdir)/po/*.po) ; LC_ALL=C $(INTLTOOL_MERGE) -x -u -c $(top_builddir)/po/.intltool-merge-cache $(top_srcdir)/po $< $@'
INTLTOOL_XGETTEXT='/usr/bin/xgettext'
INTLTOOL_XML_NOMERGE_RULE='%.xml:       %.xml.in       $(INTLTOOL_MERGE) ; LC_ALL=C $(INTLTOOL_MERGE) -x -u /tmp $< $@'
INTLTOOL_XML_RULE='%.xml:       %.xml.in       $(INTLTOOL_MERGE) $(wildcard $(top_srcdir)/po/*.po) ; LC_ALL=C $(INTLTOOL_MERGE) -x -u -c $(top_builddir)/po/.intltool-merge-cache $(top_srcdir)/po $< $@'
LDFLAGS='-L/usr/lib -L/usr/local/lib '
LIBOBJS=''
LIBS=''
LIBTOOL='$(SHELL) $(top_builddir)/libtool'
LN_S='ln -s'
LTLIBOBJS=''
MAINT='#'
MAINTAINER_MODE_FALSE=''
MAINTAINER_MODE_TRUE='#'
MAKEINFO='${SHELL} /home/pdp/Documents/personal_software/progetto-intelligenza/geneticalgorithm/missing --run makeinfo'
MKINSTALLDIRS='./mkinstalldirs'
MSGFMT='/usr/bin/msgfmt'
MSGFMT_OPTS='-c'
OBJEXT='o'
PACKAGE='geneticalgorithm'
PACKAGE_BUGREPORT=''
PACKAGE_NAME='geneticalgorithm'
PACKAGE_STRING='geneticalgorithm 0.1'
PACKAGE_TARNAME='geneticalgorithm'
PACKAGE_VERSION='0.1'
PATH_SEPARATOR=':'
POFILES=''
POSUB='po'
PO_IN_DATADIR_FALSE=''
PO_IN_DATADIR_TRUE=''
RANLIB='ranlib'
SET_MAKE=''
SHELL='/bin/bash'
STRIP='strip'
USE_NLS='yes'
VERSION='0.1'
XGETTEXT='/usr/bin/xgettext'
ac_ct_CC='gcc'
ac_ct_CXX='g++'
ac_ct_F77=''
am__fastdepCC_FALSE=''
am__fastdepCC_TRUE='#'
am__fastdepCXX_FALSE=''
am__fastdepCXX_TRUE='#'
am__include='include'
am__leading_dot='.'
am__quote=''
am__tar='${AMTAR} chof - "$$tardir"'
am__untar='${AMTAR} xf -'
bindir='${exec_prefix}/bin'
build='x86_64-unknown-linux-gnu'
build_alias=''
build_cpu='x86_64'
build_os='linux-gnu'
build_vendor='unknown'
datadir='${datarootdir}'
datarootdir='${prefix}/share'
docdir='${datarootdir}/doc/${PACKAGE_TARNAME}'
dvidir='${docdir}'
exec_prefix='${prefix}'
host='x86_64-unknown-linux-gnu'
host_alias=''
host_cpu='x86_64'
host_os='linux-gnu'
host_vendor='unknown'
htmldir='${docdir}'
includedir='${prefix}/include'
infodir='${datarootdir}/info'
install_sh='/home/pdp/Documents/personal_software/progetto-intelligenza/geneticalgorithm/install-sh'
libdir='${exec_prefix}/lib'
libexecdir='${exec_prefix}/libexec'
localedir='${datarootdir}/locale'
localstatedir='${prefix}/var'
mandir='${datarootdir}/man'
mkdir_p='mkdir -p --'
oldincludedir='/usr/include'
pdfdir='${docdir}'
prefix='/usr/local'
program_transform_name='s,x,x,'
psdir='${docdir}'
sbindir='${exec_prefix}/sbin'
sharedstatedir='${prefix}/com'
sysconfdir='${prefix}/etc'
target_alias=''

## ----------- ##
## confdefs.h. ##
## ----------- ##

#define PACKAGE_NAME "geneticalgorithm"
#define PACKAGE_TARNAME "geneticalgorithm"
#define PACKAGE_VERSION "0.1"
#define PACKAGE_STRING "geneticalgorithm 0.1"
#define PACKAGE_BUGREPORT ""
#define PACKAGE "geneticalgorithm"
#define VERSION "0.1"
#define STDC_HEADERS 1
#define GETTEXT_PACKAGE "geneticalgorithm"
#define HAVE_SYS_TYPES_H 1
#define HAVE_SYS_STAT_H 1
#define HAVE_STDLIB_H 1
#define HAVE_STRING_H 1
#define HAVE_MEMORY_H 1
#define HAVE_STRINGS_H 1
#define HAVE_INTTYPES_H 1
#define HAVE_STDINT_H 1
#define HAVE_UNISTD_H 1
#define HAVE_LOCALE_H 1
#define HAVE_LC_MESSAGES 1
#define HAVE_BIND_TEXTDOMAIN_CODESET 1
#define HAVE_GETTEXT 1
#define HAVE_DCGETTEXT 1
#define ENABLE_NLS 1
#define HAVE_DLFCN_H 1

configure: exit 0
